Determining if the pthread_create exist failed with the following output:
Change Dir: /home/michal/Plocha/bc/CMakeFiles/CMakeTmp

Run Build Command:"/usr/bin/make" "cmTC_29348/fast"
make[1]: Entering directory '/home/michal/Plocha/bc/CMakeFiles/CMakeTmp'
/usr/bin/make -f CMakeFiles/cmTC_29348.dir/build.make CMakeFiles/cmTC_29348.dir/build
make[2]: Entering directory '/home/michal/Plocha/bc/CMakeFiles/CMakeTmp'
Building C object CMakeFiles/cmTC_29348.dir/CheckSymbolExists.c.o
/usr/bin/cc    -o CMakeFiles/cmTC_29348.dir/CheckSymbolExists.c.o   -c /home/michal/Plocha/bc/CMakeFiles/CMakeTmp/CheckSymbolExists.c
Linking C executable cmTC_29348
/usr/bin/cmake -E cmake_link_script CMakeFiles/cmTC_29348.dir/link.txt --verbose=1
/usr/bin/cc      -rdynamic CMakeFiles/cmTC_29348.dir/CheckSymbolExists.c.o  -o cmTC_29348 
CMakeFiles/cmTC_29348.dir/CheckSymbolExists.c.o: In function `main':
CheckSymbolExists.c:(.text+0x1b): undefined reference to `pthread_create'
collect2: error: ld returned 1 exit status
CMakeFiles/cmTC_29348.dir/build.make:97: recipe for target 'cmTC_29348' failed
make[2]: *** [cmTC_29348] Error 1
make[2]: Leaving directory '/home/michal/Plocha/bc/CMakeFiles/CMakeTmp'
Makefile:126: recipe for target 'cmTC_29348/fast' failed
make[1]: *** [cmTC_29348/fast] Error 2
make[1]: Leaving directory '/home/michal/Plocha/bc/CMakeFiles/CMakeTmp'

File /home/michal/Plocha/bc/CMakeFiles/CMakeTmp/CheckSymbolExists.c:
/* */
#include <pthread.h>

int main(int argc, char** argv)
{
  (void)argv;
#ifndef pthread_create
  return ((int*)(&pthread_create))[argc];
#else
  (void)argc;
  return 0;
#endif
}

Determining if the function pthread_create exists in the pthreads failed with the following output:
Change Dir: /home/michal/Plocha/bc/CMakeFiles/CMakeTmp

Run Build Command:"/usr/bin/make" "cmTC_0ca35/fast"
make[1]: Entering directory '/home/michal/Plocha/bc/CMakeFiles/CMakeTmp'
/usr/bin/make -f CMakeFiles/cmTC_0ca35.dir/build.make CMakeFiles/cmTC_0ca35.dir/build
make[2]: Entering directory '/home/michal/Plocha/bc/CMakeFiles/CMakeTmp'
Building C object CMakeFiles/cmTC_0ca35.dir/CheckFunctionExists.c.o
/usr/bin/cc   -DCHECK_FUNCTION_EXISTS=pthread_create   -o CMakeFiles/cmTC_0ca35.dir/CheckFunctionExists.c.o   -c /usr/share/cmake-3.10/Modules/CheckFunctionExists.c
Linking C executable cmTC_0ca35
/usr/bin/cmake -E cmake_link_script CMakeFiles/cmTC_0ca35.dir/link.txt --verbose=1
/usr/bin/cc  -DCHECK_FUNCTION_EXISTS=pthread_create    -rdynamic CMakeFiles/cmTC_0ca35.dir/CheckFunctionExists.c.o  -o cmTC_0ca35 -lpthreads 
/usr/bin/ld: cannot find -lpthreads
collect2: error: ld returned 1 exit status
CMakeFiles/cmTC_0ca35.dir/build.make:97: recipe for target 'cmTC_0ca35' failed
make[2]: *** [cmTC_0ca35] Error 1
make[2]: Leaving directory '/home/michal/Plocha/bc/CMakeFiles/CMakeTmp'
Makefile:126: recipe for target 'cmTC_0ca35/fast' failed
make[1]: *** [cmTC_0ca35/fast] Error 2
make[1]: Leaving directory '/home/michal/Plocha/bc/CMakeFiles/CMakeTmp'


