Determining if the pthread_create exist failed with the following output:
Change Dir: /home/michal/Plocha/kitti-pcl-master/CMakeFiles/CMakeTmp

Run Build Command:"/usr/bin/make" "cmTC_5af15/fast"
/usr/bin/make -f CMakeFiles/cmTC_5af15.dir/build.make CMakeFiles/cmTC_5af15.dir/build
make[1]: Entering directory '/home/michal/Plocha/kitti-pcl-master/CMakeFiles/CMakeTmp'
Building C object CMakeFiles/cmTC_5af15.dir/CheckSymbolExists.c.o
/usr/bin/cc   -g -O3 -fPIC -Wall -fexpensive-optimizations     -o CMakeFiles/cmTC_5af15.dir/CheckSymbolExists.c.o   -c /home/michal/Plocha/kitti-pcl-master/CMakeFiles/CMakeTmp/CheckSymbolExists.c
Linking C executable cmTC_5af15
/usr/bin/cmake -E cmake_link_script CMakeFiles/cmTC_5af15.dir/link.txt --verbose=1
/usr/bin/cc -g -O3 -fPIC -Wall -fexpensive-optimizations      -rdynamic CMakeFiles/cmTC_5af15.dir/CheckSymbolExists.c.o  -o cmTC_5af15 
CMakeFiles/cmTC_5af15.dir/CheckSymbolExists.c.o: In function `main':
/home/michal/Plocha/kitti-pcl-master/CMakeFiles/CMakeTmp/CheckSymbolExists.c:8: undefined reference to `pthread_create'
collect2: error: ld returned 1 exit status
CMakeFiles/cmTC_5af15.dir/build.make:97: recipe for target 'cmTC_5af15' failed
make[1]: *** [cmTC_5af15] Error 1
make[1]: Leaving directory '/home/michal/Plocha/kitti-pcl-master/CMakeFiles/CMakeTmp'
Makefile:126: recipe for target 'cmTC_5af15/fast' failed
make: *** [cmTC_5af15/fast] Error 2

File /home/michal/Plocha/kitti-pcl-master/CMakeFiles/CMakeTmp/CheckSymbolExists.c:
/* */
#include <pthread.h>

int main(int argc, char** argv)
{
  (void)argv;
#ifndef pthread_create
  return ((int*)(&pthread_create))[argc];
#else
  (void)argc;
  return 0;
#endif
}

Determining if the function pthread_create exists in the pthreads failed with the following output:
Change Dir: /home/michal/Plocha/kitti-pcl-master/CMakeFiles/CMakeTmp

Run Build Command:"/usr/bin/make" "cmTC_92903/fast"
/usr/bin/make -f CMakeFiles/cmTC_92903.dir/build.make CMakeFiles/cmTC_92903.dir/build
make[1]: Entering directory '/home/michal/Plocha/kitti-pcl-master/CMakeFiles/CMakeTmp'
Building C object CMakeFiles/cmTC_92903.dir/CheckFunctionExists.c.o
/usr/bin/cc   -g -O3 -fPIC -Wall -fexpensive-optimizations  -DCHECK_FUNCTION_EXISTS=pthread_create   -o CMakeFiles/cmTC_92903.dir/CheckFunctionExists.c.o   -c /usr/share/cmake-3.10/Modules/CheckFunctionExists.c
Linking C executable cmTC_92903
/usr/bin/cmake -E cmake_link_script CMakeFiles/cmTC_92903.dir/link.txt --verbose=1
/usr/bin/cc -g -O3 -fPIC -Wall -fexpensive-optimizations  -DCHECK_FUNCTION_EXISTS=pthread_create    -rdynamic CMakeFiles/cmTC_92903.dir/CheckFunctionExists.c.o  -o cmTC_92903 -lpthreads 
/usr/bin/ld: cannot find -lpthreads
collect2: error: ld returned 1 exit status
CMakeFiles/cmTC_92903.dir/build.make:97: recipe for target 'cmTC_92903' failed
make[1]: *** [cmTC_92903] Error 1
make[1]: Leaving directory '/home/michal/Plocha/kitti-pcl-master/CMakeFiles/CMakeTmp'
Makefile:126: recipe for target 'cmTC_92903/fast' failed
make: *** [cmTC_92903/fast] Error 2


